<?xml version="1.0" encoding="UTF-8"?>
<testng-results skipped="0" failed="2" ignored="0" total="3" passed="1">
  <reporter-output>
  </reporter-output>
  <suite name="Suite" duration-ms="63209" started-at="2020-04-05T02:00:17Z" finished-at="2020-04-05T02:01:21Z">
    <groups>
    </groups>
    <test name="Test" duration-ms="63209" started-at="2020-04-05T02:00:17Z" finished-at="2020-04-05T02:01:21Z">
      <class name="com.hellofresh.challenge.WebTest">
        <test-method status="PASS" signature="disableFreeMaker()[pri:0, instance:com.hellofresh.challenge.WebTest@4f970963]" name="disableFreeMaker" is-config="true" duration-ms="11" started-at="2020-04-05T04:00:17Z" finished-at="2020-04-05T04:00:17Z">
          <reporter-output>
          </reporter-output>
        </test-method> <!-- disableFreeMaker -->
        <test-method status="PASS" signature="setUp(java.lang.String)[pri:0, instance:com.hellofresh.challenge.WebTest@4f970963]" name="setUp" is-config="true" duration-ms="29835" started-at="2020-04-05T04:00:18Z" finished-at="2020-04-05T04:00:48Z">
          <params>
            <param index="0">
              <value>
                <![CDATA[firefox]]>
              </value>
            </param>
          </params>
          <reporter-output>
          </reporter-output>
        </test-method> <!-- setUp -->
        <test-method status="PASS" signature="setUp(java.lang.String)[pri:0, instance:com.hellofresh.challenge.WebTest@4f970963]" name="setUp" is-config="true" duration-ms="25404" started-at="2020-04-05T04:00:18Z" finished-at="2020-04-05T04:00:44Z">
          <params>
            <param index="0">
              <value>
                <![CDATA[firefox]]>
              </value>
            </param>
          </params>
          <reporter-output>
          </reporter-output>
        </test-method> <!-- setUp -->
        <test-method status="PASS" signature="setUp(java.lang.String)[pri:0, instance:com.hellofresh.challenge.WebTest@4f970963]" name="setUp" is-config="true" duration-ms="31162" started-at="2020-04-05T04:00:18Z" finished-at="2020-04-05T04:00:49Z">
          <params>
            <param index="0">
              <value>
                <![CDATA[firefox]]>
              </value>
            </param>
          </params>
          <reporter-output>
          </reporter-output>
        </test-method> <!-- setUp -->
        <test-method status="FAIL" signature="checkoutTest(java.lang.reflect.Method, java.lang.String, java.lang.String, java.lang.String, java.lang.String, java.lang.String, java.lang.String, java.lang.String, java.lang.String, java.lang.String, java.lang.String, java.lang.String, java.lang.String, java.lang.String, java.lang.String, java.lang.String, java.lang.String)[pri:0, instance:com.hellofresh.challenge.WebTest@4f970963]" name="checkoutTest" duration-ms="15313" started-at="2020-04-05T04:00:44Z" data-provider="getTestData" finished-at="2020-04-05T04:00:59Z">
          <params>
            <param index="0">
              <value>
                <![CDATA[public void com.hellofresh.challenge.WebTest.checkoutTest(java.lang.reflect.Method,java.lang.String,java.lang.String,java.lang.String,java.lang.String,java.lang.String,java.lang.String,java.lang.String,java.lang.String,java.lang.String,java.lang.String,java.lang.String,java.lang.String,java.lang.String,java.lang.String,java.lang.String,java.lang.String) throws java.lang.Exception]]>
              </value>
            </param>
            <param index="1">
              <value>
                <![CDATA[hf_challenge_123456@hf123456.com]]>
              </value>
            </param>
            <param index="2">
              <value>
                <![CDATA[12345678]]>
              </value>
            </param>
            <param index="3">
              <value>
                <![CDATA[]]>
              </value>
            </param>
            <param index="4">
              <value>
                <![CDATA[Qwerty]]>
              </value>
            </param>
            <param index="5">
              <value>
                <![CDATA[Test]]>
              </value>
            </param>
            <param index="6">
              <value>
                <![CDATA[User]]>
              </value>
            </param>
            <param index="7">
              <value>
                <![CDATA[Joe Black]]>
              </value>
            </param>
            <param index="8">
              <value>
                <![CDATA[Company]]>
              </value>
            </param>
            <param index="9">
              <value>
                <![CDATA[Qwerty, 123]]>
              </value>
            </param>
            <param index="10">
              <value>
                <![CDATA[address2]]>
              </value>
            </param>
            <param index="11">
              <value>
                <![CDATA[Qwerty]]>
              </value>
            </param>
            <param index="12">
              <value>
                <![CDATA[12345]]>
              </value>
            </param>
            <param index="13">
              <value>
                <![CDATA[Qwerty]]>
              </value>
            </param>
            <param index="14">
              <value>
                <![CDATA[12345123123]]>
              </value>
            </param>
            <param index="15">
              <value>
                <![CDATA[12345123123]]>
              </value>
            </param>
            <param index="16">
              <value>
                <![CDATA[hf]]>
              </value>
            </param>
          </params>
          <exception class="org.openqa.selenium.ElementClickInterceptedException">
            <message>
              <![CDATA[Element <button class="exclusive" name="Submit" type="submit"> is not clickable at point (1196,496) because another element <div class="fancybox-overlay fancybox-overlay-fixed"> obscures it
Build info: version: '3.11.0', revision: 'e59cfb3', time: '2018-03-11T20:26:55.152Z'
System info: host: 'DESKTOP-2AP4332', ip: '192.168.8.105', os.name: 'Windows 10', os.arch: 'amd64', os.version: '10.0', java.version: '1.8.0_131'
Driver info: org.openqa.selenium.firefox.FirefoxDriver
Capabilities {acceptInsecureCerts: true, browserName: firefox, browserVersion: 74.0, javascriptEnabled: true, moz:accessibilityChecks: false, moz:buildID: 20200309095159, moz:geckodriverVersion: 0.26.0, moz:headless: false, moz:processID: 12512, moz:profile: C:\Users\Oli\AppData\Local\..., moz:shutdownTimeout: 60000, moz:useNonSpecCompliantPointerOrigin: false, moz:webdriverClick: true, pageLoadStrategy: normal, platform: WINDOWS, platformName: WINDOWS, platformVersion: 10.0, rotatable: false, setWindowRect: true, strictFileInteractability: false, timeouts: {implicit: 0, pageLoad: 300000, script: 30000}, unhandledPromptBehavior: dismiss and notify}
Session ID: a1b63df8-5fcc-4daf-a5bd-a2bff72fd51c]]>
            </message>
            <full-stacktrace>
              <![CDATA[org.openqa.selenium.ElementClickInterceptedException: Element <button class="exclusive" name="Submit" type="submit"> is not clickable at point (1196,496) because another element <div class="fancybox-overlay fancybox-overlay-fixed"> obscures it
Build info: version: '3.11.0', revision: 'e59cfb3', time: '2018-03-11T20:26:55.152Z'
System info: host: 'DESKTOP-2AP4332', ip: '192.168.8.105', os.name: 'Windows 10', os.arch: 'amd64', os.version: '10.0', java.version: '1.8.0_131'
Driver info: org.openqa.selenium.firefox.FirefoxDriver
Capabilities {acceptInsecureCerts: true, browserName: firefox, browserVersion: 74.0, javascriptEnabled: true, moz:accessibilityChecks: false, moz:buildID: 20200309095159, moz:geckodriverVersion: 0.26.0, moz:headless: false, moz:processID: 12512, moz:profile: C:\Users\Oli\AppData\Local\..., moz:shutdownTimeout: 60000, moz:useNonSpecCompliantPointerOrigin: false, moz:webdriverClick: true, pageLoadStrategy: normal, platform: WINDOWS, platformName: WINDOWS, platformVersion: 10.0, rotatable: false, setWindowRect: true, strictFileInteractability: false, timeouts: {implicit: 0, pageLoad: 300000, script: 30000}, unhandledPromptBehavior: dismiss and notify}
Session ID: a1b63df8-5fcc-4daf-a5bd-a2bff72fd51c
	at sun.reflect.NativeConstructorAccessorImpl.newInstance0(Native Method)
	at sun.reflect.NativeConstructorAccessorImpl.newInstance(NativeConstructorAccessorImpl.java:62)
	at sun.reflect.DelegatingConstructorAccessorImpl.newInstance(DelegatingConstructorAccessorImpl.java:45)
	at java.lang.reflect.Constructor.newInstance(Constructor.java:423)
	at org.openqa.selenium.remote.http.W3CHttpResponseCodec.createException(W3CHttpResponseCodec.java:187)
	at org.openqa.selenium.remote.http.W3CHttpResponseCodec.decode(W3CHttpResponseCodec.java:122)
	at org.openqa.selenium.remote.http.W3CHttpResponseCodec.decode(W3CHttpResponseCodec.java:49)
	at org.openqa.selenium.remote.HttpCommandExecutor.execute(HttpCommandExecutor.java:158)
	at org.openqa.selenium.remote.service.DriverCommandExecutor.execute(DriverCommandExecutor.java:83)
	at org.openqa.selenium.remote.RemoteWebDriver.execute(RemoteWebDriver.java:545)
	at org.openqa.selenium.remote.RemoteWebElement.execute(RemoteWebElement.java:279)
	at org.openqa.selenium.remote.RemoteWebElement.click(RemoteWebElement.java:83)
	at utilities.Utils.waitAndClick(Utils.java:186)
	at pages.HomePage.addToCart(HomePage.java:124)
	at com.hellofresh.challenge.WebTest.checkoutTest(WebTest.java:160)
	at sun.reflect.NativeMethodAccessorImpl.invoke0(Native Method)
	at sun.reflect.NativeMethodAccessorImpl.invoke(NativeMethodAccessorImpl.java:62)
	at sun.reflect.DelegatingMethodAccessorImpl.invoke(DelegatingMethodAccessorImpl.java:43)
	at java.lang.reflect.Method.invoke(Method.java:498)
	at org.testng.internal.MethodInvocationHelper.invokeMethod(MethodInvocationHelper.java:108)
	at org.testng.internal.Invoker.invokeMethod(Invoker.java:661)
	at org.testng.internal.Invoker.invokeTestMethod(Invoker.java:869)
	at org.testng.internal.Invoker.invokeTestMethods(Invoker.java:1193)
	at org.testng.internal.TestMethodWorker.invokeTestMethods(TestMethodWorker.java:126)
	at org.testng.internal.TestMethodWorker.run(TestMethodWorker.java:109)
	at java.util.concurrent.ThreadPoolExecutor.runWorker(ThreadPoolExecutor.java:1142)
	at java.util.concurrent.ThreadPoolExecutor$Worker.run(ThreadPoolExecutor.java:617)
	at java.lang.Thread.run(Thread.java:748)
]]>
            </full-stacktrace>
          </exception> <!-- org.openqa.selenium.ElementClickInterceptedException -->
          <reporter-output>
          </reporter-output>
        </test-method> <!-- checkoutTest -->
        <test-method status="FAIL" signature="logInTest(java.lang.reflect.Method, java.lang.String, java.lang.String, java.lang.String, java.lang.String, java.lang.String, java.lang.String, java.lang.String, java.lang.String, java.lang.String, java.lang.String, java.lang.String, java.lang.String, java.lang.String, java.lang.String, java.lang.String, java.lang.String)[pri:0, instance:com.hellofresh.challenge.WebTest@4f970963]" name="logInTest" duration-ms="6629" started-at="2020-04-05T04:00:48Z" data-provider="getTestData" finished-at="2020-04-05T04:00:55Z">
          <params>
            <param index="0">
              <value>
                <![CDATA[public void com.hellofresh.challenge.WebTest.logInTest(java.lang.reflect.Method,java.lang.String,java.lang.String,java.lang.String,java.lang.String,java.lang.String,java.lang.String,java.lang.String,java.lang.String,java.lang.String,java.lang.String,java.lang.String,java.lang.String,java.lang.String,java.lang.String,java.lang.String,java.lang.String) throws java.lang.Exception]]>
              </value>
            </param>
            <param index="1">
              <value>
                <![CDATA[hf_challenge_123456@hf123456.com]]>
              </value>
            </param>
            <param index="2">
              <value>
                <![CDATA[]]>
              </value>
            </param>
            <param index="3">
              <value>
                <![CDATA[]]>
              </value>
            </param>
            <param index="4">
              <value>
                <![CDATA[Qwerty]]>
              </value>
            </param>
            <param index="5">
              <value>
                <![CDATA[Test]]>
              </value>
            </param>
            <param index="6">
              <value>
                <![CDATA[User]]>
              </value>
            </param>
            <param index="7">
              <value>
                <![CDATA[Joe Black]]>
              </value>
            </param>
            <param index="8">
              <value>
                <![CDATA[]]>
              </value>
            </param>
            <param index="9">
              <value>
                <![CDATA[Qwerty, 123]]>
              </value>
            </param>
            <param index="10">
              <value>
                <![CDATA[address2]]>
              </value>
            </param>
            <param index="11">
              <value>
                <![CDATA[Qwerty]]>
              </value>
            </param>
            <param index="12">
              <value>
                <![CDATA[12345]]>
              </value>
            </param>
            <param index="13">
              <value>
                <![CDATA[Qwerty]]>
              </value>
            </param>
            <param index="14">
              <value>
                <![CDATA[12345123123]]>
              </value>
            </param>
            <param index="15">
              <value>
                <![CDATA[12345123123]]>
              </value>
            </param>
            <param index="16">
              <value>
                <![CDATA[hf]]>
              </value>
            </param>
          </params>
          <exception class="java.lang.AssertionError">
            <message>
              <![CDATA[Heading is not as expected expected [MY ACCOUNT] but found [AUTHENTICATION]]]>
            </message>
            <full-stacktrace>
              <![CDATA[java.lang.AssertionError: Heading is not as expected expected [MY ACCOUNT] but found [AUTHENTICATION]
	at org.testng.Assert.fail(Assert.java:93)
	at org.testng.Assert.failNotEquals(Assert.java:512)
	at org.testng.Assert.assertEqualsImpl(Assert.java:134)
	at org.testng.Assert.assertEquals(Assert.java:115)
	at org.testng.Assert.assertEquals(Assert.java:189)
	at com.hellofresh.challenge.WebTest.logInTest(WebTest.java:94)
	at sun.reflect.NativeMethodAccessorImpl.invoke0(Native Method)
	at sun.reflect.NativeMethodAccessorImpl.invoke(NativeMethodAccessorImpl.java:62)
	at sun.reflect.DelegatingMethodAccessorImpl.invoke(DelegatingMethodAccessorImpl.java:43)
	at java.lang.reflect.Method.invoke(Method.java:498)
	at org.testng.internal.MethodInvocationHelper.invokeMethod(MethodInvocationHelper.java:108)
	at org.testng.internal.Invoker.invokeMethod(Invoker.java:661)
	at org.testng.internal.Invoker.invokeTestMethod(Invoker.java:869)
	at org.testng.internal.Invoker.invokeTestMethods(Invoker.java:1193)
	at org.testng.internal.TestMethodWorker.invokeTestMethods(TestMethodWorker.java:126)
	at org.testng.internal.TestMethodWorker.run(TestMethodWorker.java:109)
	at java.util.concurrent.ThreadPoolExecutor.runWorker(ThreadPoolExecutor.java:1142)
	at java.util.concurrent.ThreadPoolExecutor$Worker.run(ThreadPoolExecutor.java:617)
	at java.lang.Thread.run(Thread.java:748)
]]>
            </full-stacktrace>
          </exception> <!-- java.lang.AssertionError -->
          <reporter-output>
          </reporter-output>
        </test-method> <!-- logInTest -->
        <test-method status="PASS" signature="signInTest(java.lang.reflect.Method, java.lang.String, java.lang.String, java.lang.String, java.lang.String, java.lang.String, java.lang.String, java.lang.String, java.lang.String, java.lang.String, java.lang.String, java.lang.String, java.lang.String, java.lang.String, java.lang.String, java.lang.String, java.lang.String)[pri:0, instance:com.hellofresh.challenge.WebTest@4f970963]" name="signInTest" duration-ms="11282" started-at="2020-04-05T04:00:49Z" data-provider="getTestData" finished-at="2020-04-05T04:01:01Z">
          <params>
            <param index="0">
              <value>
                <![CDATA[public void com.hellofresh.challenge.WebTest.signInTest(java.lang.reflect.Method,java.lang.String,java.lang.String,java.lang.String,java.lang.String,java.lang.String,java.lang.String,java.lang.String,java.lang.String,java.lang.String,java.lang.String,java.lang.String,java.lang.String,java.lang.String,java.lang.String,java.lang.String,java.lang.String) throws java.lang.Exception]]>
              </value>
            </param>
            <param index="1">
              <value>
                <![CDATA[hf_challenge_123456@hf123456.com]]>
              </value>
            </param>
            <param index="2">
              <value>
                <![CDATA[12345678]]>
              </value>
            </param>
            <param index="3">
              <value>
                <![CDATA[]]>
              </value>
            </param>
            <param index="4">
              <value>
                <![CDATA[Qwerty]]>
              </value>
            </param>
            <param index="5">
              <value>
                <![CDATA[Test]]>
              </value>
            </param>
            <param index="6">
              <value>
                <![CDATA[User]]>
              </value>
            </param>
            <param index="7">
              <value>
                <![CDATA[Joe Black]]>
              </value>
            </param>
            <param index="8">
              <value>
                <![CDATA[]]>
              </value>
            </param>
            <param index="9">
              <value>
                <![CDATA[Qwerty, 123]]>
              </value>
            </param>
            <param index="10">
              <value>
                <![CDATA[address2]]>
              </value>
            </param>
            <param index="11">
              <value>
                <![CDATA[Qwerty]]>
              </value>
            </param>
            <param index="12">
              <value>
                <![CDATA[12345]]>
              </value>
            </param>
            <param index="13">
              <value>
                <![CDATA[Qwerty]]>
              </value>
            </param>
            <param index="14">
              <value>
                <![CDATA[12345123123]]>
              </value>
            </param>
            <param index="15">
              <value>
                <![CDATA[12345123123]]>
              </value>
            </param>
            <param index="16">
              <value>
                <![CDATA[hf]]>
              </value>
            </param>
          </params>
          <reporter-output>
          </reporter-output>
        </test-method> <!-- signInTest -->
        <test-method status="PASS" signature="tearDown(org.testng.ITestResult)[pri:0, instance:com.hellofresh.challenge.WebTest@4f970963]" name="tearDown" is-config="true" duration-ms="14385" started-at="2020-04-05T04:01:01Z" finished-at="2020-04-05T04:01:15Z">
          <params>
            <param index="0">
              <value>
                <![CDATA[[TestResult name=signInTest status=SUCCESS method=WebTest.signInTest(java.lang.reflect.Method, java.lang.String, java.lang.String, java.lang.String, java.lang.String, java.lang.String, java.lang.String, java.lang.String, java.lang.String, java.lang.String, java.lang.String, java.lang.String, java.lang.String, java.lang.String, java.lang.String, java.lang.String, java.lang.String)[pri:0, instance:com.hellofresh.challenge.WebTest@4f970963] output={null}]]]>
              </value>
            </param>
          </params>
          <reporter-output>
          </reporter-output>
        </test-method> <!-- tearDown -->
        <test-method status="PASS" signature="tearDown(org.testng.ITestResult)[pri:0, instance:com.hellofresh.challenge.WebTest@4f970963]" name="tearDown" is-config="true" duration-ms="13513" started-at="2020-04-05T04:01:03Z" finished-at="2020-04-05T04:01:16Z">
          <params>
            <param index="0">
              <value>
                <![CDATA[[TestResult name=logInTest status=FAILURE method=WebTest.logInTest(java.lang.reflect.Method, java.lang.String, java.lang.String, java.lang.String, java.lang.String, java.lang.String, java.lang.String, java.lang.String, java.lang.String, java.lang.String, java.lang.String, java.lang.String, java.lang.String, java.lang.String, java.lang.String, java.lang.String, java.lang.String)[pri:0, instance:com.hellofresh.challenge.WebTest@4f970963] output={null}]]]>
              </value>
            </param>
          </params>
          <reporter-output>
          </reporter-output>
        </test-method> <!-- tearDown -->
        <test-method status="PASS" signature="tearDown(org.testng.ITestResult)[pri:0, instance:com.hellofresh.challenge.WebTest@4f970963]" name="tearDown" is-config="true" duration-ms="12301" started-at="2020-04-05T04:01:08Z" finished-at="2020-04-05T04:01:21Z">
          <params>
            <param index="0">
              <value>
                <![CDATA[[TestResult name=checkoutTest status=FAILURE method=WebTest.checkoutTest(java.lang.reflect.Method, java.lang.String, java.lang.String, java.lang.String, java.lang.String, java.lang.String, java.lang.String, java.lang.String, java.lang.String, java.lang.String, java.lang.String, java.lang.String, java.lang.String, java.lang.String, java.lang.String, java.lang.String, java.lang.String)[pri:0, instance:com.hellofresh.challenge.WebTest@4f970963] output={null}]]]>
              </value>
            </param>
          </params>
          <reporter-output>
          </reporter-output>
        </test-method> <!-- tearDown -->
        <test-method status="PASS" signature="terminateThreadElement()[pri:0, instance:com.hellofresh.challenge.WebTest@4f970963]" name="terminateThreadElement" is-config="true" duration-ms="0" started-at="2020-04-05T04:01:21Z" finished-at="2020-04-05T04:01:21Z">
          <reporter-output>
          </reporter-output>
        </test-method> <!-- terminateThreadElement -->
      </class> <!-- com.hellofresh.challenge.WebTest -->
    </test> <!-- Test -->
  </suite> <!-- Suite -->
</testng-results>
